<?xml version="1.0" encoding="UTF-8"?>
<!-- Generated by org.testng.reporters.JUnitReportReporter -->
<testsuite skipped="0" hostname="SVINDK00069" name="qa.reportValidation.test.Testing" tests="1" failures="0" timestamp="2019-09-30T20:36:35 IST" time="0.008" errors="0">
  <testcase name="test" time="0.008" classname="qa.reportValidation.test.Testing"/>
</testsuite> <!-- qa.reportValidation.test.Testing -->
