<?xml version="1.0" encoding="UTF-8"?>
<!-- Generated by org.testng.reporters.JUnitReportReporter -->
<testsuite skipped="0" hostname="SVINDK00069" name="qa.reportValidation.testScript.web.WebPageTask" tests="8" failures="0" timestamp="2019-09-30T21:18:44 IST" time="108.811" errors="0">
  <testcase name="function1" time="43.139" classname="qa.reportValidation.testScript.web.WebPageTask"/>
  <testcase name="function2" time="9.417" classname="qa.reportValidation.testScript.web.WebPageTask"/>
  <testcase name="function3" time="5.793" classname="qa.reportValidation.testScript.web.WebPageTask"/>
  <testcase name="function4" time="7.744" classname="qa.reportValidation.testScript.web.WebPageTask"/>
  <testcase name="function5" time="13.156" classname="qa.reportValidation.testScript.web.WebPageTask"/>
  <testcase name="function6" time="15.097" classname="qa.reportValidation.testScript.web.WebPageTask"/>
  <testcase name="function7" time="7.529" classname="qa.reportValidation.testScript.web.WebPageTask"/>
  <testcase name="function8" time="6.936" classname="qa.reportValidation.testScript.web.WebPageTask"/>
</testsuite> <!-- qa.reportValidation.testScript.web.WebPageTask -->
